SF:lib\core\network\network_info.dart
DA:11,1
DA:12,1
DA:14,2
LF:3
LH:3
end_of_record
SF:lib\core\util\input_converter.dart
DA:6,1
DA:8,1
DA:9,1
DA:12,1
DA:14,1
DA:15,2
LF:6
LH:6
end_of_record
SF:lib\core\error\failure.dart
DA:6,3
DA:8,2
DA:9,2
LF:3
LH:3
end_of_record
SF:lib\features\number_trivia\data\datasource\number_trivia_local_datasource.dart
DA:24,1
DA:26,1
DA:28,2
DA:31,3
DA:33,1
DA:37,1
DA:39,2
DA:40,2
LF:8
LH:8
end_of_record
SF:lib\features\number_trivia\data\model\number_trivia_model.dart
DA:4,4
DA:5,4
DA:7,3
DA:8,3
DA:9,3
DA:10,6
DA:14,2
DA:15,2
DA:16,2
DA:17,2
LF:10
LH:10
end_of_record
SF:lib\features\number_trivia\domain\entities\number_trivia.dart
DA:8,7
DA:13,4
DA:14,12
LF:3
LH:3
end_of_record
SF:lib\features\number_trivia\data\datasource\number_trivia_remote_datasource.dart
DA:23,1
DA:24,2
DA:25,1
DA:26,1
DA:29,2
DA:30,3
DA:32,1
DA:37,1
DA:39,1
DA:41,2
DA:44,1
DA:46,1
LF:12
LH:12
end_of_record
SF:lib\features\number_trivia\domain\usecases\get_concrete_number_trivia.dart
DA:13,1
DA:15,1
DA:17,3
DA:25,3
DA:27,0
DA:28,0
LF:6
LH:4
end_of_record
SF:lib\features\number_trivia\data\repository\number_trivia_repository_impl.dart
DA:19,1
DA:24,1
DA:26,2
DA:27,2
DA:31,1
DA:33,2
DA:34,2
DA:38,1
DA:39,2
DA:41,1
DA:42,2
DA:43,1
DA:45,1
DA:46,2
DA:51,2
DA:52,1
DA:53,1
DA:54,2
LF:18
LH:18
end_of_record
SF:lib\core\usecase\usecase.dart
DA:14,1
DA:16,1
LF:2
LH:2
end_of_record
SF:lib\features\number_trivia\domain\usecases\get_random_number_trivia.dart
DA:13,1
DA:16,1
DA:18,2
LF:3
LH:3
end_of_record
SF:lib\features\number_trivia\presentation\bloc\number_trivia_event.dart
DA:4,2
DA:11,1
DA:13,0
DA:14,0
DA:19,0
DA:20,0
LF:6
LH:2
end_of_record
SF:lib\features\number_trivia\presentation\bloc\number_trivia_state.dart
DA:4,3
DA:9,1
DA:10,1
DA:14,1
DA:15,1
DA:21,2
DA:23,1
DA:24,2
DA:31,3
DA:33,1
DA:34,2
LF:11
LH:11
end_of_record
SF:lib\features\number_trivia\presentation\bloc\number_trivia_bloc.dart
DA:27,1
DA:31,2
DA:32,2
DA:33,2
DA:36,1
DA:39,3
DA:41,2
DA:42,1
DA:45,1
DA:46,2
DA:47,2
DA:49,3
DA:50,1
DA:51,1
DA:52,3
DA:54,1
DA:55,2
DA:61,1
DA:65,2
DA:66,3
DA:67,1
DA:68,1
DA:69,3
DA:71,1
DA:72,2
DA:77,1
DA:78,1
DA:79,1
DA:81,1
LF:29
LH:29
end_of_record
